0 info it worked if it ends with ok
1 verbose cli [ 'C:\\Program Files\\nodejs\\node.exe',
1 verbose cli   'C:\\Users\\MAYA-HYD-01\\AppData\\Roaming\\npm\\node_modules\\npm\\bin\\npm-cli.js',
1 verbose cli   'install',
1 verbose cli   'gmail-send',
1 verbose cli   '--save' ]
2 info using npm@2.15.9
3 info using node@v6.10.2
4 verbose install initial load of F:\Projects\secretsanta\SecretSantaNode\package.json
5 verbose stack Error: Failed to parse json
5 verbose stack Unexpected token '<' at 21:1
5 verbose stack <<<<<<< HEAD
5 verbose stack ^
5 verbose stack     at parseError (C:\Users\MAYA-HYD-01\AppData\Roaming\npm\node_modules\npm\node_modules\read-package-json\read-json.js:390:11)
5 verbose stack     at parseJson (C:\Users\MAYA-HYD-01\AppData\Roaming\npm\node_modules\npm\node_modules\read-package-json\read-json.js:79:23)
5 verbose stack     at C:\Users\MAYA-HYD-01\AppData\Roaming\npm\node_modules\npm\node_modules\read-package-json\read-json.js:48:5
5 verbose stack     at C:\Users\MAYA-HYD-01\AppData\Roaming\npm\node_modules\npm\node_modules\graceful-fs\graceful-fs.js:78:16
5 verbose stack     at tryToString (fs.js:456:3)
5 verbose stack     at FSReqWrap.readFileAfterClose [as oncomplete] (fs.js:443:12)
6 verbose cwd F:\Projects\secretsanta\SecretSantaNode
7 error Windows_NT 10.0.16299
8 error argv "C:\\Program Files\\nodejs\\node.exe" "C:\\Users\\MAYA-HYD-01\\AppData\\Roaming\\npm\\node_modules\\npm\\bin\\npm-cli.js" "install" "gmail-send" "--save"
9 error node v6.10.2
10 error npm  v2.15.9
11 error file F:\Projects\secretsanta\SecretSantaNode\package.json
12 error code EJSONPARSE
13 error Failed to parse json
13 error Unexpected token '<' at 21:1
13 error <<<<<<< HEAD
13 error ^
14 error File: F:\Projects\secretsanta\SecretSantaNode\package.json
15 error Failed to parse package.json data.
15 error package.json must be actual JSON, not just JavaScript.
15 error
15 error This is not a bug in npm.
15 error Tell the package author to fix their package.json file. JSON.parse
16 verbose exit [ 1, true ]
